<?xml version="1.0" encoding="UTF-8"?>
<testng-results ignored="0" total="7" passed="7" failed="0" skipped="0">
  <reporter-output>
    <line>
      <![CDATA[Invalid credentials]]>
    </line>
    <line>
      <![CDATA[Invalid credentials]]>
    </line>
    <line>
      <![CDATA[Username cannot be empty]]>
    </line>
    <line>
      <![CDATA[Password cannot be empty]]>
    </line>
    <line>
      <![CDATA[Invalid credentials]]>
    </line>
  </reporter-output>
  <suite started-at="2026-02-04T16:46:48 IST" name="Default suite" finished-at="2026-02-04T16:47:31 IST" duration-ms="43380">
    <groups>
    </groups>
    <test started-at="2026-02-04T16:46:48 IST" name="Default test" finished-at="2026-02-04T16:47:31 IST" duration-ms="43380">
      <class name="jan3.Assert_class">
        <test-method is-config="true" signature="beforeTest()[pri:0, instance:jan3.Assert_class@3eb25e1a]" started-at="2026-02-04T16:46:48 IST" name="beforeTest" finished-at="2026-02-04T16:46:53 IST" duration-ms="5371" status="PASS">
          <reporter-output>
          </reporter-output>
        </test-method> <!-- beforeTest -->
        <test-method signature="adminLogin(java.lang.String,java.lang.String)[pri:0, instance:jan3.Assert_class@3eb25e1a]" started-at="2026-02-04T16:46:53 IST" name="adminLogin" data-provider="dp" finished-at="2026-02-04T16:47:00 IST" duration-ms="6770" status="PASS">
          <params>
            <param index="0">
              <value>
                <![CDATA[Admin]]>
              </value>
            </param>
            <param index="1">
              <value>
                <![CDATA[Qedge123!@#]]>
              </value>
            </param>
          </params>
          <reporter-output>
          </reporter-output>
        </test-method> <!-- adminLogin -->
        <test-method signature="adminLogin(java.lang.String,java.lang.String)[pri:0, instance:jan3.Assert_class@3eb25e1a]" started-at="2026-02-04T16:47:00 IST" name="adminLogin" data-provider="dp" finished-at="2026-02-04T16:47:03 IST" duration-ms="3269" status="PASS">
          <params>
            <param index="0">
              <value>
                <![CDATA[test]]>
              </value>
            </param>
            <param index="1">
              <value>
                <![CDATA[Qedge123!@#]]>
              </value>
            </param>
          </params>
          <reporter-output>
            <line>
              <![CDATA[Invalid credentials]]>
            </line>
          </reporter-output>
        </test-method> <!-- adminLogin -->
        <test-method signature="adminLogin(java.lang.String,java.lang.String)[pri:0, instance:jan3.Assert_class@3eb25e1a]" started-at="2026-02-04T16:47:03 IST" name="adminLogin" data-provider="dp" finished-at="2026-02-04T16:47:06 IST" duration-ms="3291" status="PASS">
          <params>
            <param index="0">
              <value>
                <![CDATA[Admin]]>
              </value>
            </param>
            <param index="1">
              <value>
                <![CDATA[Qedge]]>
              </value>
            </param>
          </params>
          <reporter-output>
            <line>
              <![CDATA[Invalid credentials]]>
            </line>
          </reporter-output>
        </test-method> <!-- adminLogin -->
        <test-method signature="adminLogin(java.lang.String,java.lang.String)[pri:0, instance:jan3.Assert_class@3eb25e1a]" started-at="2026-02-04T16:47:07 IST" name="adminLogin" data-provider="dp" finished-at="2026-02-04T16:47:10 IST" duration-ms="3150" status="PASS">
          <params>
            <param index="0">
              <value>
                <![CDATA[]]>
              </value>
            </param>
            <param index="1">
              <value>
                <![CDATA[Qedge123!@#]]>
              </value>
            </param>
          </params>
          <reporter-output>
            <line>
              <![CDATA[Username cannot be empty]]>
            </line>
          </reporter-output>
        </test-method> <!-- adminLogin -->
        <test-method signature="adminLogin(java.lang.String,java.lang.String)[pri:0, instance:jan3.Assert_class@3eb25e1a]" started-at="2026-02-04T16:47:10 IST" name="adminLogin" data-provider="dp" finished-at="2026-02-04T16:47:14 IST" duration-ms="4470" status="PASS">
          <params>
            <param index="0">
              <value>
                <![CDATA[Admin]]>
              </value>
            </param>
            <param index="1">
              <value>
                <![CDATA[]]>
              </value>
            </param>
          </params>
          <reporter-output>
            <line>
              <![CDATA[Password cannot be empty]]>
            </line>
          </reporter-output>
        </test-method> <!-- adminLogin -->
        <test-method signature="adminLogin(java.lang.String,java.lang.String)[pri:0, instance:jan3.Assert_class@3eb25e1a]" started-at="2026-02-04T16:47:14 IST" name="adminLogin" data-provider="dp" finished-at="2026-02-04T16:47:26 IST" duration-ms="12190" status="PASS">
          <params>
            <param index="0">
              <value>
                <![CDATA[Qedge]]>
              </value>
            </param>
            <param index="1">
              <value>
                <![CDATA[Admin]]>
              </value>
            </param>
          </params>
          <reporter-output>
            <line>
              <![CDATA[Invalid credentials]]>
            </line>
          </reporter-output>
        </test-method> <!-- adminLogin -->
        <test-method signature="adminLogin(java.lang.String,java.lang.String)[pri:0, instance:jan3.Assert_class@3eb25e1a]" started-at="2026-02-04T16:47:26 IST" name="adminLogin" data-provider="dp" finished-at="2026-02-04T16:47:30 IST" duration-ms="4011" status="PASS">
          <params>
            <param index="0">
              <value>
                <![CDATA[Admin]]>
              </value>
            </param>
            <param index="1">
              <value>
                <![CDATA[Qedge123!@#]]>
              </value>
            </param>
          </params>
          <reporter-output>
          </reporter-output>
        </test-method> <!-- adminLogin -->
        <test-method is-config="true" signature="afterTest()[pri:0, instance:jan3.Assert_class@3eb25e1a]" started-at="2026-02-04T16:47:30 IST" name="afterTest" finished-at="2026-02-04T16:47:31 IST" duration-ms="664" status="PASS">
          <reporter-output>
          </reporter-output>
        </test-method> <!-- afterTest -->
      </class> <!-- jan3.Assert_class -->
    </test> <!-- Default test -->
  </suite> <!-- Default suite -->
</testng-results>
