<?xml version="1.0" encoding="UTF-8"?>
<!-- Generated by org.testng.reporters.JUnitReportReporter -->
<testsuite hostname="DESKTOP-6TK3E1K" failures="0" tests="7" name="jan3.Assert_class" time="37.151" errors="0" timestamp="2026-02-04T16:47:32 IST" skipped="0">
  <testcase classname="jan3.Assert_class" name="adminLogin" time="3.269">
    <system-out>
      <![CDATA[Invalid credentials]]>
    </system-out>
  </testcase> <!-- adminLogin -->
  <testcase classname="jan3.Assert_class" name="adminLogin" time="4.011"/>
  <testcase classname="jan3.Assert_class" name="adminLogin" time="6.770"/>
  <testcase classname="jan3.Assert_class" name="adminLogin" time="3.150">
    <system-out>
      <![CDATA[Username cannot be empty]]>
    </system-out>
  </testcase> <!-- adminLogin -->
  <testcase classname="jan3.Assert_class" name="adminLogin" time="12.190">
    <system-out>
      <![CDATA[Invalid credentials]]>
    </system-out>
  </testcase> <!-- adminLogin -->
  <testcase classname="jan3.Assert_class" name="adminLogin" time="4.470">
    <system-out>
      <![CDATA[Password cannot be empty]]>
    </system-out>
  </testcase> <!-- adminLogin -->
  <testcase classname="jan3.Assert_class" name="adminLogin" time="3.291">
    <system-out>
      <![CDATA[Invalid credentials]]>
    </system-out>
  </testcase> <!-- adminLogin -->
  <system-out>
    <![CDATA[Invalid credentials
Invalid credentials
Username cannot be empty
Password cannot be empty
Invalid credentials]]>
  </system-out>
</testsuite> <!-- jan3.Assert_class -->
