<?xml version="1.0" encoding="UTF-8"?>
<!-- Generated by org.testng.reporters.JUnitReportReporter -->
<testsuite hostname="DESKTOP-LLRSD7F" failures="0" tests="3" name="testcases.FirstTestNGClass" time="4.316" errors="0" timestamp="2026-01-31T16:38:07 IST" skipped="0">
  <testcase classname="testcases.FirstTestNGClass" name="leave_click" time="1.146">
    <system-out>
      <![CDATA[Executing Leave TestCase]]>
    </system-out>
  </testcase> <!-- leave_click -->
  <testcase classname="testcases.FirstTestNGClass" name="pim_click" time="1.172">
    <system-out>
      <![CDATA[Executing Pim TestCase]]>
    </system-out>
  </testcase> <!-- pim_click -->
  <testcase classname="testcases.FirstTestNGClass" name="admin_click" time="1.998">
    <system-out>
      <![CDATA[Executing Admin TestCase]]>
    </system-out>
  </testcase> <!-- admin_click -->
  <system-out>
    <![CDATA[Running in BeforeTest
Executing Admin TestCase
Executing Leave TestCase
Executing Pim TestCase
Running in AfterTest]]>
  </system-out>
</testsuite> <!-- testcases.FirstTestNGClass -->
