<?xml version="1.0" encoding="UTF-8"?>
<!-- Generated by org.testng.reporters.JUnitReportReporter -->
<testsuite hostname="DESKTOP-6TK3E1K" failures="0" tests="3" name="testcases.SecondTestNGClass" time="48.851" errors="0" timestamp="2026-02-04T16:38:31 IST" skipped="0">
  <testcase classname="testcases.SecondTestNGClass" name="division" time="6.939">
    <system-out>
      <![CDATA[Executing Division Test Case 656]]>
    </system-out>
  </testcase> <!-- division -->
  <testcase classname="testcases.SecondTestNGClass" name="Multiplication" time="6.973">
    <system-out>
      <![CDATA[Executing Multiplication Test Case 20992]]>
    </system-out>
  </testcase> <!-- Multiplication -->
  <testcase classname="testcases.SecondTestNGClass" name="Addition" time="34.939">
    <system-out>
      <![CDATA[Executing Addition Test Case 5248]]>
    </system-out>
  </testcase> <!-- Addition -->
  <system-out>
    <![CDATA[Running in beforeMethod
Executing Division Test Case 656
Running in afterMethod
Running in beforeMethod
Executing Multiplication Test Case 20992
Running in afterMethod
Running in beforeMethod
Executing Addition Test Case 5248
Running in afterMethod]]>
  </system-out>
</testsuite> <!-- testcases.SecondTestNGClass -->
