<?xml version="1.0" encoding="UTF-8"?>
<!-- Generated by org.testng.reporters.JUnitXMLReporter -->
<testsuite ignored="0" hostname="DESKTOP-6TK3E1K" failures="0" tests="7" name="Default test" time="43.38" errors="0" timestamp="2026-02-04T16:47:31 IST">
  <testcase classname="jan3.Assert_class" name="adminLogin" time="6.77"/>
  <testcase classname="jan3.Assert_class" name="adminLogin" time="3.269"/>
  <testcase classname="jan3.Assert_class" name="adminLogin" time="3.291"/>
  <testcase classname="jan3.Assert_class" name="adminLogin" time="3.15"/>
  <testcase classname="jan3.Assert_class" name="adminLogin" time="4.47"/>
  <testcase classname="jan3.Assert_class" name="adminLogin" time="12.19"/>
  <testcase classname="jan3.Assert_class" name="adminLogin" time="4.011"/>
</testsuite> <!-- Default test -->
